<?xml version="1.0" encoding="UTF-8"?>
<!-- Generated by org.testng.reporters.JUnitReportReporter -->
<testsuite hostname="LAPTOP-QTB04HVN" failures="0" tests="1" name="TestCases.Verify_AddToCartProduct" time="7.756" errors="0" timestamp="2023-05-26T15:58:29 IST" skipped="0">
  <testcase classname="TestCases.Verify_AddToCartProduct" name="VerifyAddToCartProduct" time="7.756"/>
  <system-out/>
</testsuite> <!-- TestCases.Verify_AddToCartProduct -->
