<?xml version="1.0" encoding="UTF-8"?>
<!-- Generated by org.testng.reporters.JUnitReportReporter -->
<testsuite hostname="LAPTOP-QTB04HVN" failures="0" tests="1" name="TestCases.Verify_Header" time="19.447" errors="0" timestamp="2023-05-26T15:58:29 IST" skipped="0">
  <testcase classname="TestCases.Verify_Header" name="verifyHeader" time="19.447"/>
  <system-out/>
</testsuite> <!-- TestCases.Verify_Header -->
